Flow report for NIOS2_PROJETO
Tue Jan 29 18:12:14 2019
Quartus Prime Version 18.1.0 Build 625 09/12/2018 SJ Lite Edition


---------------------
; Table of Contents ;
---------------------
  1. Legal Notice
  2. Flow Summary
  3. Flow Settings
  4. Flow Non-Default Global Settings
  5. Flow Elapsed Time
  6. Flow OS Summary
  7. Flow Log
  8. Flow Messages
  9. Flow Suppressed Messages



----------------
; Legal Notice ;
----------------
Copyright (C) 2018  Intel Corporation. All rights reserved.
Your use of Intel Corporation's design tools, logic functions 
and other software and tools, and its AMPP partner logic 
functions, and any output files from any of the foregoing 
(including device programming or simulation files), and any 
associated documentation or information are expressly subject 
to the terms and conditions of the Intel Program License 
Subscription Agreement, the Intel Quartus Prime License Agreement,
the Intel FPGA IP License Agreement, or other applicable license
agreement, including, without limitation, that your use is for
the sole purpose of programming logic devices manufactured by
Intel and sold by Intel or its authorized distributors.  Please
refer to the applicable agreement for further details.



+----------------------------------------------------------------------------------+
; Flow Summary                                                                     ;
+------------------------------------+---------------------------------------------+
; Flow Status                        ; Successful - Tue Jan 29 18:11:46 2019       ;
; Quartus Prime Version              ; 18.1.0 Build 625 09/12/2018 SJ Lite Edition ;
; Revision Name                      ; NIOS2_PROJETO                               ;
; Top-level Entity Name              ; NIOS2_PROJETO                               ;
; Family                             ; Cyclone IV E                                ;
; Device                             ; EP4CE115F29C7                               ;
; Timing Models                      ; Final                                       ;
; Total logic elements               ; 5,732 / 114,480 ( 5 % )                     ;
;     Total combinational functions  ; 5,002 / 114,480 ( 4 % )                     ;
;     Dedicated logic registers      ; 3,672 / 114,480 ( 3 % )                     ;
; Total registers                    ; 3791                                        ;
; Total pins                         ; 58 / 529 ( 11 % )                           ;
; Total virtual pins                 ; 0                                           ;
; Total memory bits                  ; 85,184 / 3,981,312 ( 2 % )                  ;
; Embedded Multiplier 9-bit elements ; 6 / 532 ( 1 % )                             ;
; Total PLLs                         ; 1 / 4 ( 25 % )                              ;
+------------------------------------+---------------------------------------------+


+-----------------------------------------+
; Flow Settings                           ;
+-------------------+---------------------+
; Option            ; Setting             ;
+-------------------+---------------------+
; Start date & time ; 01/29/2019 18:06:11 ;
; Main task         ; Compilation         ;
; Revision Name     ; NIOS2_PROJETO       ;
+-------------------+---------------------+


+------------------------------------------------------------------------------------------------------------------------------------------------------+
; Flow Non-Default Global Settings                                                                                                                     ;
+-------------------------------------+----------------------------------------------------------------+---------------+--------------+----------------+
; Assignment Name                     ; Value                                                          ; Default Value ; Entity Name  ; Section Id     ;
+-------------------------------------+----------------------------------------------------------------+---------------+--------------+----------------+
; COMPILER_SIGNATURE_ID               ; 102021904544125.154879237102554                                ; --            ; --           ; --             ;
; EDA_OUTPUT_DATA_FORMAT              ; None                                                           ; --            ; --           ; eda_simulation ;
; EDA_TIME_SCALE                      ; 1 ps                                                           ; --            ; --           ; eda_simulation ;
; MAX_CORE_JUNCTION_TEMP              ; 85                                                             ; --            ; --           ; --             ;
; MIN_CORE_JUNCTION_TEMP              ; 0                                                              ; --            ; --           ; --             ;
; MISC_FILE                           ; NIOS2_Design/synthesis/../NIOS2_Design.cmp                     ; --            ; --           ; --             ;
; MISC_FILE                           ; NIOS2_Design/synthesis/../../NIOS2_Design.qsys                 ; --            ; --           ; --             ;
; NOMINAL_CORE_SUPPLY_VOLTAGE         ; 1.2V                                                           ; --            ; --           ; --             ;
; PARTITION_COLOR                     ; -- (Not supported for targeted family)                         ; --            ; --           ; Top            ;
; PARTITION_FITTER_PRESERVATION_LEVEL ; -- (Not supported for targeted family)                         ; --            ; --           ; Top            ;
; PARTITION_NETLIST_TYPE              ; -- (Not supported for targeted family)                         ; --            ; --           ; Top            ;
; POWER_BOARD_THERMAL_MODEL           ; None (CONSERVATIVE)                                            ; --            ; --           ; --             ;
; POWER_PRESET_COOLING_SOLUTION       ; 23 MM HEAT SINK WITH 200 LFPM AIRFLOW                          ; --            ; --           ; --             ;
; PROJECT_OUTPUT_DIRECTORY            ; output_files                                                   ; --            ; --           ; --             ;
; SLD_FILE                            ; NIOS2_Design/synthesis/NIOS2_Design.regmap                     ; --            ; --           ; --             ;
; SLD_FILE                            ; NIOS2_Design/synthesis/NIOS2_Design.debuginfo                  ; --            ; --           ; --             ;
; SLD_INFO                            ; QSYS_NAME NIOS2_Design HAS_SOPCINFO 1 GENERATION_ID 1548792254 ; --            ; NIOS2_Design ; --             ;
; SOPCINFO_FILE                       ; NIOS2_Design/synthesis/../../NIOS2_Design.sopcinfo             ; --            ; --           ; --             ;
; SYNTHESIS_ONLY_QIP                  ; On                                                             ; --            ; --           ; --             ;
+-------------------------------------+----------------------------------------------------------------+---------------+--------------+----------------+


+--------------------------------------------------------------------------------------------------------------------------+
; Flow Elapsed Time                                                                                                        ;
+----------------------+--------------+-------------------------+---------------------+------------------------------------+
; Module Name          ; Elapsed Time ; Average Processors Used ; Peak Virtual Memory ; Total CPU Time (on all processors) ;
+----------------------+--------------+-------------------------+---------------------+------------------------------------+
; Analysis & Synthesis ; 00:02:48     ; 1.0                     ; 1364 MB             ; 00:03:55                           ;
; Fitter               ; 00:02:12     ; 1.1                     ; 1984 MB             ; 00:02:37                           ;
; Assembler            ; 00:00:26     ; 1.0                     ; 1041 MB             ; 00:00:13                           ;
; Timing Analyzer      ; 00:00:25     ; 1.3                     ; 1187 MB             ; 00:00:15                           ;
; Total                ; 00:05:51     ; --                      ; --                  ; 00:07:00                           ;
+----------------------+--------------+-------------------------+---------------------+------------------------------------+


+-----------------------------------------------------------------------------------------+
; Flow OS Summary                                                                         ;
+----------------------+---------------------+-------------+-------------+----------------+
; Module Name          ; Machine Hostname    ; OS Name     ; OS Version  ; Processor type ;
+----------------------+---------------------+-------------+-------------+----------------+
; Analysis & Synthesis ; copernico.solar.biz ; Fedora Core ; Fedora Core ; x86_64         ;
; Fitter               ; copernico.solar.biz ; Fedora Core ; Fedora Core ; x86_64         ;
; Assembler            ; copernico.solar.biz ; Fedora Core ; Fedora Core ; x86_64         ;
; Timing Analyzer      ; copernico.solar.biz ; Fedora Core ; Fedora Core ; x86_64         ;
+----------------------+---------------------+-------------+-------------+----------------+


------------
; Flow Log ;
------------
quartus_map --read_settings_files=on --write_settings_files=off NIOS2_PROJETO -c NIOS2_PROJETO
quartus_fit --read_settings_files=off --write_settings_files=off NIOS2_PROJETO -c NIOS2_PROJETO
quartus_asm --read_settings_files=off --write_settings_files=off NIOS2_PROJETO -c NIOS2_PROJETO
quartus_sta NIOS2_PROJETO -c NIOS2_PROJETO



